<?xml version="1.0" encoding="UTF-8"?>
<testng-results ignored="0" total="10" passed="10" failed="0" skipped="0">
  <reporter-output>
  </reporter-output>
  <suite started-at="2024-05-03T12:45:32 EDT" name="Default suite" finished-at="2024-05-03T12:46:10 EDT" duration-ms="38236">
    <groups>
      <group name="cucumber">
        <method signature="AbstractTestNGCucumberTests.runScenario(io.cucumber.testng.PickleWrapper,io.cucumber.testng.FeatureWrapper)[pri:0, instance:dsalgotestrunner.TestRunner@1800a575]" name="runScenario" class="io.cucumber.testng.AbstractTestNGCucumberTests"/>
      </group> <!-- cucumber -->
    </groups>
    <test started-at="2024-05-03T12:45:32 EDT" name="Default test" finished-at="2024-05-03T12:46:10 EDT" duration-ms="38236">
      <class name="dsalgotestrunner.TestRunner">
        <test-method is-config="true" signature="defineBrowser(java.lang.String)[pri:0, instance:dsalgotestrunner.TestRunner@1800a575]" started-at="2024-05-03T12:45:32 EDT" name="defineBrowser" finished-at="2024-05-03T12:45:32 EDT" duration-ms="34" status="PASS">
          <params>
            <param index="0">
              <value>
                <![CDATA[chrome]]>
              </value>
            </param>
          </params>
          <reporter-output>
          </reporter-output>
        </test-method> <!-- defineBrowser -->
        <test-method is-config="true" signature="setUpClass(org.testng.ITestContext)[pri:0, instance:dsalgotestrunner.TestRunner@1800a575]" started-at="2024-05-03T12:45:32 EDT" name="setUpClass" finished-at="2024-05-03T12:45:33 EDT" duration-ms="838" status="PASS">
          <params>
            <param index="0">
              <value>
                <![CDATA[org.testng.TestRunner@3df978b9]]>
              </value>
            </param>
          </params>
          <reporter-output>
          </reporter-output>
        </test-method> <!-- setUpClass -->
        <test-method signature="runScenario(io.cucumber.testng.PickleWrapper,io.cucumber.testng.FeatureWrapper)[pri:0, instance:dsalgotestrunner.TestRunner@1800a575]" started-at="2024-05-03T12:45:33 EDT" name="runScenario" description="Runs Cucumber Scenarios" data-provider="scenarios" finished-at="2024-05-03T12:46:10 EDT" duration-ms="37167" status="PASS">
          <params>
            <param index="0">
              <value>
                <![CDATA["Data Structures"]]>
              </value>
            </param>
            <param index="1">
              <value>
                <![CDATA["Data Structures functionality page"]]>
              </value>
            </param>
          </params>
          <reporter-output>
          </reporter-output>
        </test-method> <!-- runScenario -->
        <test-method signature="runScenario(io.cucumber.testng.PickleWrapper,io.cucumber.testng.FeatureWrapper)[pri:0, instance:dsalgotestrunner.TestRunner@1800a575]" started-at="2024-05-03T12:45:33 EDT" name="runScenario" description="Runs Cucumber Scenarios" data-provider="scenarios" finished-at="2024-05-03T12:46:09 EDT" duration-ms="36587" status="PASS">
          <params>
            <param index="0">
              <value>
                <![CDATA["Negative Scenario testing with invalid data"]]>
              </value>
            </param>
            <param index="1">
              <value>
                <![CDATA["Login Functionality Testing"]]>
              </value>
            </param>
          </params>
          <reporter-output>
          </reporter-output>
        </test-method> <!-- runScenario -->
        <test-method signature="runScenario(io.cucumber.testng.PickleWrapper,io.cucumber.testng.FeatureWrapper)[pri:0, instance:dsalgotestrunner.TestRunner@1800a575]" started-at="2024-05-03T12:45:33 EDT" name="runScenario" description="Runs Cucumber Scenarios" data-provider="scenarios" finished-at="2024-05-03T12:46:10 EDT" duration-ms="36843" status="PASS">
          <params>
            <param index="0">
              <value>
                <![CDATA["User enters DS Algo Portal"]]>
              </value>
            </param>
            <param index="1">
              <value>
                <![CDATA["GetStartedPage testing"]]>
              </value>
            </param>
          </params>
          <reporter-output>
          </reporter-output>
        </test-method> <!-- runScenario -->
        <test-method signature="runScenario(io.cucumber.testng.PickleWrapper,io.cucumber.testng.FeatureWrapper)[pri:0, instance:dsalgotestrunner.TestRunner@1800a575]" started-at="2024-05-03T12:45:33 EDT" name="runScenario" description="Runs Cucumber Scenarios" data-provider="scenarios" finished-at="2024-05-03T12:46:10 EDT" duration-ms="36880" status="PASS">
          <params>
            <param index="0">
              <value>
                <![CDATA["User clicks Register button"]]>
              </value>
            </param>
            <param index="1">
              <value>
                <![CDATA["GetStartedPage testing"]]>
              </value>
            </param>
          </params>
          <reporter-output>
          </reporter-output>
        </test-method> <!-- runScenario -->
        <test-method signature="runScenario(io.cucumber.testng.PickleWrapper,io.cucumber.testng.FeatureWrapper)[pri:0, instance:dsalgotestrunner.TestRunner@1800a575]" started-at="2024-05-03T12:45:33 EDT" name="runScenario" description="Runs Cucumber Scenarios" data-provider="scenarios" finished-at="2024-05-03T12:46:09 EDT" duration-ms="36690" status="PASS">
          <params>
            <param index="0">
              <value>
                <![CDATA["Negative Scenario testing with invalid data"]]>
              </value>
            </param>
            <param index="1">
              <value>
                <![CDATA["Login Functionality Testing"]]>
              </value>
            </param>
          </params>
          <reporter-output>
          </reporter-output>
        </test-method> <!-- runScenario -->
        <test-method signature="runScenario(io.cucumber.testng.PickleWrapper,io.cucumber.testng.FeatureWrapper)[pri:0, instance:dsalgotestrunner.TestRunner@1800a575]" started-at="2024-05-03T12:45:33 EDT" name="runScenario" description="Runs Cucumber Scenarios" data-provider="scenarios" finished-at="2024-05-03T12:46:10 EDT" duration-ms="36966" status="PASS">
          <params>
            <param index="0">
              <value>
                <![CDATA["Time complexity"]]>
              </value>
            </param>
            <param index="1">
              <value>
                <![CDATA["Data Structures functionality page"]]>
              </value>
            </param>
          </params>
          <reporter-output>
          </reporter-output>
        </test-method> <!-- runScenario -->
        <test-method signature="runScenario(io.cucumber.testng.PickleWrapper,io.cucumber.testng.FeatureWrapper)[pri:0, instance:dsalgotestrunner.TestRunner@1800a575]" started-at="2024-05-03T12:45:33 EDT" name="runScenario" description="Runs Cucumber Scenarios" data-provider="scenarios" finished-at="2024-05-03T12:46:10 EDT" duration-ms="36868" status="PASS">
          <params>
            <param index="0">
              <value>
                <![CDATA["Negative Scenario testing with invalid data"]]>
              </value>
            </param>
            <param index="1">
              <value>
                <![CDATA["Login Functionality Testing"]]>
              </value>
            </param>
          </params>
          <reporter-output>
          </reporter-output>
        </test-method> <!-- runScenario -->
        <test-method signature="runScenario(io.cucumber.testng.PickleWrapper,io.cucumber.testng.FeatureWrapper)[pri:0, instance:dsalgotestrunner.TestRunner@1800a575]" started-at="2024-05-03T12:45:33 EDT" name="runScenario" description="Runs Cucumber Scenarios" data-provider="scenarios" finished-at="2024-05-03T12:46:09 EDT" duration-ms="36612" status="PASS">
          <params>
            <param index="0">
              <value>
                <![CDATA["Negative Scenario testing with invalid data"]]>
              </value>
            </param>
            <param index="1">
              <value>
                <![CDATA["Login Functionality Testing"]]>
              </value>
            </param>
          </params>
          <reporter-output>
          </reporter-output>
        </test-method> <!-- runScenario -->
        <test-method signature="runScenario(io.cucumber.testng.PickleWrapper,io.cucumber.testng.FeatureWrapper)[pri:0, instance:dsalgotestrunner.TestRunner@1800a575]" started-at="2024-05-03T12:45:33 EDT" name="runScenario" description="Runs Cucumber Scenarios" data-provider="scenarios" finished-at="2024-05-03T12:46:09 EDT" duration-ms="36497" status="PASS">
          <params>
            <param index="0">
              <value>
                <![CDATA["Negative Scenario testing with invalid data"]]>
              </value>
            </param>
            <param index="1">
              <value>
                <![CDATA["Login Functionality Testing"]]>
              </value>
            </param>
          </params>
          <reporter-output>
          </reporter-output>
        </test-method> <!-- runScenario -->
        <test-method signature="runScenario(io.cucumber.testng.PickleWrapper,io.cucumber.testng.FeatureWrapper)[pri:0, instance:dsalgotestrunner.TestRunner@1800a575]" started-at="2024-05-03T12:45:33 EDT" name="runScenario" description="Runs Cucumber Scenarios" data-provider="scenarios" finished-at="2024-05-03T12:46:10 EDT" duration-ms="37214" status="PASS">
          <params>
            <param index="0">
              <value>
                <![CDATA["Positive Scenario testing with valid inputs"]]>
              </value>
            </param>
            <param index="1">
              <value>
                <![CDATA["Login Functionality Testing"]]>
              </value>
            </param>
          </params>
          <reporter-output>
          </reporter-output>
        </test-method> <!-- runScenario -->
        <test-method is-config="true" signature="tearDownClass()[pri:0, instance:dsalgotestrunner.TestRunner@1800a575]" started-at="2024-05-03T12:46:10 EDT" name="tearDownClass" finished-at="2024-05-03T12:46:10 EDT" duration-ms="63" status="PASS">
          <reporter-output>
          </reporter-output>
        </test-method> <!-- tearDownClass -->
      </class> <!-- dsalgotestrunner.TestRunner -->
    </test> <!-- Default test -->
  </suite> <!-- Default suite -->
</testng-results>
